"gcc -o conftest -I/usr/local/rvm/rubies/ruby-1.9.2-p0/include/ruby-1.9.1/x86_64-linux -I/usr/local/rvm/rubies/ruby-1.9.2-p0/include/ruby-1.9.1/ruby/backward -I/usr/local/rvm/rubies/ruby-1.9.2-p0/include/ruby-1.9.1 -I.     -O3 -ggdb -Wextra -Wno-unused-parameter -Wno-parentheses -Wpointer-arith -Wwrite-strings -Wno-missing-field-initializers -Wno-long-long  -fPIC conftest.c  -L. -L/usr/local/rvm/rubies/ruby-1.9.2-p0/lib -Wl,-R/usr/local/rvm/rubies/ruby-1.9.2-p0/lib -L.  -rdynamic -Wl,-export-dynamic     -Wl,-R -Wl,/usr/local/rvm/rubies/ruby-1.9.2-p0/lib -L/usr/local/rvm/rubies/ruby-1.9.2-p0/lib -lruby-static  -lpthread -lrt -ldl -lcrypt -lm   -lc"
checked program was:
/* begin */
1: #include "ruby.h"
2: 
3: int main() {return 0;}
/* end */

"gcc -I/usr/local/rvm/rubies/ruby-1.9.2-p0/include/ruby-1.9.1/x86_64-linux -I/usr/local/rvm/rubies/ruby-1.9.2-p0/include/ruby-1.9.1/ruby/backward -I/usr/local/rvm/rubies/ruby-1.9.2-p0/include/ruby-1.9.1 -I.     -O3 -ggdb -Wextra -Wno-unused-parameter -Wno-parentheses -Wpointer-arith -Wwrite-strings -Wno-missing-field-initializers -Wno-long-long  -fPIC   -c conftest.c"
checked program was:
/* begin */
1: #include "ruby.h"
2: 
3: /*top*/
4: #ifndef __GNUC__
5: # error
6: >>>>>> __GNUC__ undefined <<<<<<
7: #endif
/* end */

have_func: checking for rb_define_alloc_func() in ruby.h... -------------------- yes

"gcc -o conftest -I/usr/local/rvm/rubies/ruby-1.9.2-p0/include/ruby-1.9.1/x86_64-linux -I/usr/local/rvm/rubies/ruby-1.9.2-p0/include/ruby-1.9.1/ruby/backward -I/usr/local/rvm/rubies/ruby-1.9.2-p0/include/ruby-1.9.1 -I. -I/usr/local/rvm/rubies/ruby-1.9.2-p0/lib/ruby/site_ruby/1.9.1/x86_64-linux  -I/usr/local/rvm/rubies/ruby-1.9.2-p0/lib/ruby/vendor_ruby/1.9.1/x86_64-linux      -O3 -ggdb -Wextra -Wno-unused-parameter -Wno-parentheses -Wpointer-arith -Wwrite-strings -Wno-missing-field-initializers -Wno-long-long  -fPIC -Wall conftest.c  -L. -L/usr/local/rvm/rubies/ruby-1.9.2-p0/lib -Wl,-R/usr/local/rvm/rubies/ruby-1.9.2-p0/lib -L.  -rdynamic -Wl,-export-dynamic     -Wl,-R -Wl,/usr/local/rvm/rubies/ruby-1.9.2-p0/lib -L/usr/local/rvm/rubies/ruby-1.9.2-p0/lib -lruby-static  -lpthread -lrt -ldl -lcrypt -lm   -lc"
checked program was:
/* begin */
1: #include "ruby.h"
2: 
3: #include <ruby.h>
4: 
5: /*top*/
6: int main() {return 0;}
7: int t() { void ((*volatile p)()); p = (void ((*)()))rb_define_alloc_func; return 0; }
/* end */

--------------------

have_func: checking for rb_block_proc() in ruby.h... -------------------- yes

"gcc -o conftest -I/usr/local/rvm/rubies/ruby-1.9.2-p0/include/ruby-1.9.1/x86_64-linux -I/usr/local/rvm/rubies/ruby-1.9.2-p0/include/ruby-1.9.1/ruby/backward -I/usr/local/rvm/rubies/ruby-1.9.2-p0/include/ruby-1.9.1 -I. -I/usr/local/rvm/rubies/ruby-1.9.2-p0/lib/ruby/site_ruby/1.9.1/x86_64-linux  -I/usr/local/rvm/rubies/ruby-1.9.2-p0/lib/ruby/vendor_ruby/1.9.1/x86_64-linux      -O3 -ggdb -Wextra -Wno-unused-parameter -Wno-parentheses -Wpointer-arith -Wwrite-strings -Wno-missing-field-initializers -Wno-long-long  -fPIC -Wall conftest.c  -L. -L/usr/local/rvm/rubies/ruby-1.9.2-p0/lib -Wl,-R/usr/local/rvm/rubies/ruby-1.9.2-p0/lib -L.  -rdynamic -Wl,-export-dynamic     -Wl,-R -Wl,/usr/local/rvm/rubies/ruby-1.9.2-p0/lib -L/usr/local/rvm/rubies/ruby-1.9.2-p0/lib -lruby-static  -lpthread -lrt -ldl -lcrypt -lm   -lc"
checked program was:
/* begin */
1: #include "ruby.h"
2: 
3: #include <ruby.h>
4: 
5: /*top*/
6: int main() {return 0;}
7: int t() { void ((*volatile p)()); p = (void ((*)()))rb_block_proc; return 0; }
/* end */

--------------------

"gcc -I/usr/local/rvm/rubies/ruby-1.9.2-p0/include/ruby-1.9.1/x86_64-linux -I/usr/local/rvm/rubies/ruby-1.9.2-p0/include/ruby-1.9.1/ruby/backward -I/usr/local/rvm/rubies/ruby-1.9.2-p0/include/ruby-1.9.1 -I. -I/usr/local/rvm/rubies/ruby-1.9.2-p0/lib/ruby/site_ruby/1.9.1/x86_64-linux  -I/usr/local/rvm/rubies/ruby-1.9.2-p0/lib/ruby/vendor_ruby/1.9.1/x86_64-linux      -O3 -ggdb -Wextra -Wno-unused-parameter -Wno-parentheses -Wpointer-arith -Wwrite-strings -Wno-missing-field-initializers -Wno-long-long  -fPIC -Wall   -c conftest.c"
conftest.c:4:18: fatal error: node.h: No such file or directory
compilation terminated.
checked program was:
/* begin */
1: #include "ruby.h"
2: 
3: #include "ruby.h"
4: #include "node.h"
5: int node_attrasgn = (int)NODE_ATTRASGN;
/* end */

have_package: checking for gtk+-2.0... -------------------- yes

--------------------

have_package: checking for webkit-1.0... -------------------- yes

--------------------

